<?xml version="1.0" encoding="UTF-8"?>
<testng-results ignored="0" total="2" passed="2" failed="0" skipped="0">
  <reporter-output>
  </reporter-output>
  <suite started-at="2022-08-13T11:02:48 IST" name="Default suite" finished-at="2022-08-13T11:02:48 IST" duration-ms="276">
    <groups>
    </groups>
    <test started-at="2022-08-13T11:02:48 IST" name="Default test" finished-at="2022-08-13T11:02:48 IST" duration-ms="276">
      <class name="Maven2.MavenProhect1">
        <test-method signature="print()[pri:0, instance:Maven2.MavenProhect1@4fbe37eb]" started-at="2022-08-13T11:02:48 IST" name="print" finished-at="2022-08-13T11:02:48 IST" duration-ms="144" status="PASS">
          <reporter-output>
          </reporter-output>
        </test-method> <!-- print -->
        <test-method signature="print2()[pri:0, instance:Maven2.MavenProhect1@4fbe37eb]" started-at="2022-08-13T11:02:48 IST" name="print2" finished-at="2022-08-13T11:02:48 IST" duration-ms="4" status="PASS">
          <reporter-output>
          </reporter-output>
        </test-method> <!-- print2 -->
      </class> <!-- Maven2.MavenProhect1 -->
    </test> <!-- Default test -->
  </suite> <!-- Default suite -->
</testng-results>
